# JRE version: Java(TM) SE Runtime Environment (8.0_31-b13) (build 1.8.0_31-b13)
# Java VM: Java HotSpot(TM) 64-Bit Server VM (25.31-b07 mixed mode bsd-amd64 compressed oops)
Heap:
 PSYoungGen      total 274944K, used 91932K [0x00000007aab00000, 0x00000007c0000000, 0x00000007c0000000)
  eden space 200704K, 37% used [0x00000007aab00000,0x00000007af49f928,0x00000007b6f00000)
  from space 74240K, 22% used [0x00000007b6f00000,0x00000007b7f27780,0x00000007bb780000)
  to   space 68608K, 0% used [0x00000007bbd00000,0x00000007bbd00000,0x00000007c0000000)
 ParOldGen       total 699392K, used 86106K [0x0000000780000000, 0x00000007aab00000, 0x00000007aab00000)
  object space 699392K, 12% used [0x0000000780000000,0x0000000785416960,0x00000007aab00000)
 Metaspace       used 110635K, capacity 111103K, committed 112512K, reserved 1142784K
  class space    used 18872K, capacity 19003K, committed 19840K, reserved 1048576K
GC Heap History (10 events):
Event: 12632.079 GC heap before
{Heap before GC invocations=42 (full 12):
 PSYoungGen      total 281088K, used 4352K [0x00000007aab00000, 0x00000007c0000000, 0x00000007c0000000)
  eden space 209408K, 0% used [0x00000007aab00000,0x00000007aab00000,0x00000007b7780000)
  from space 71680K, 6% used [0x00000007bba00000,0x00000007bbe40000,0x00000007c0000000)
  to   space 68096K, 0% used [0x00000007b7780000,0x00000007b7780000,0x00000007bba00000)
 ParOldGen       total 699392K, used 102850K [0x0000000780000000, 0x00000007aab00000, 0x00000007aab00000)
  object space 699392K, 14% used [0x0000000780000000,0x0000000786470980,0x00000007aab00000)
 Metaspace       used 115532K, capacity 116305K, committed 116864K, reserved 1146880K
  class space    used 19294K, capacity 19500K, committed 19840K, reserved 1048576K
Event: 12633.048 GC heap after
Heap after GC invocations=42 (full 12):
 PSYoungGen      total 281088K, used 0K [0x00000007aab00000, 0x00000007c0000000, 0x00000007c0000000)
  eden space 209408K, 0% used [0x00000007aab00000,0x00000007aab00000,0x00000007b7780000)
  from space 71680K, 0% used [0x00000007bba00000,0x00000007bba00000,0x00000007c0000000)
  to   space 68096K, 0% used [0x00000007b7780000,0x00000007b7780000,0x00000007bba00000)
 ParOldGen       total 699392K, used 84512K [0x0000000780000000, 0x00000007aab00000, 0x00000007aab00000)
  object space 699392K, 12% used [0x0000000780000000,0x0000000785288060,0x00000007aab00000)
 Metaspace       used 115532K, capacity 116305K, committed 116864K, reserved 1146880K
  class space    used 19294K, capacity 19500K, committed 19840K, reserved 1048576K
}
Event: 12633.285 GC heap before
{Heap before GC invocations=43 (full 12):
 PSYoungGen      total 281088K, used 259K [0x00000007aab00000, 0x00000007c0000000, 0x00000007c0000000)
  eden space 209408K, 0% used [0x00000007aab00000,0x00000007aab40c48,0x00000007b7780000)
  from space 71680K, 0% used [0x00000007bba00000,0x00000007bba00000,0x00000007c0000000)
  to   space 68096K, 0% used [0x00000007b7780000,0x00000007b7780000,0x00000007bba00000)
 ParOldGen       total 699392K, used 84512K [0x0000000780000000, 0x00000007aab00000, 0x00000007aab00000)
  object space 699392K, 12% used [0x0000000780000000,0x0000000785288060,0x00000007aab00000)
 Metaspace       used 115532K, capacity 116305K, committed 116864K, reserved 1146880K
  class space    used 19294K, capacity 19500K, committed 19840K, reserved 1048576K
Event: 12633.288 GC heap after
Heap after GC invocations=43 (full 12):
 PSYoungGen      total 277504K, used 160K [0x00000007aab00000, 0x00000007c0000000, 0x00000007c0000000)
  eden space 209408K, 0% used [0x00000007aab00000,0x00000007aab00000,0x00000007b7780000)
  from space 68096K, 0% used [0x00000007b7780000,0x00000007b77a8000,0x00000007bba00000)
  to   space 65536K, 0% used [0x00000007bc000000,0x00000007bc000000,0x00000007c0000000)
 ParOldGen       total 699392K, used 84512K [0x0000000780000000, 0x00000007aab00000, 0x00000007aab00000)
  object space 699392K, 12% used [0x0000000780000000,0x0000000785288060,0x00000007aab00000)
 Metaspace       used 115532K, capacity 116305K, committed 116864K, reserved 1146880K
  class space    used 19294K, capacity 19500K, committed 19840K, reserved 1048576K
}
Event: 12633.288 GC heap before
{Heap before GC invocations=44 (full 13):
 PSYoungGen      total 277504K, used 160K [0x00000007aab00000, 0x00000007c0000000, 0x00000007c0000000)
  eden space 209408K, 0% used [0x00000007aab00000,0x00000007aab00000,0x00000007b7780000)
  from space 68096K, 0% used [0x00000007b7780000,0x00000007b77a8000,0x00000007bba00000)
  to   space 65536K, 0% used [0x00000007bc000000,0x00000007bc000000,0x00000007c0000000)
 ParOldGen       total 699392K, used 84512K [0x0000000780000000, 0x00000007aab00000, 0x00000007aab00000)
  object space 699392K, 12% used [0x0000000780000000,0x0000000785288060,0x00000007aab00000)
 Metaspace       used 115532K, capacity 116305K, committed 116864K, reserved 1146880K
  class space    used 19294K, capacity 19500K, committed 19840K, reserved 1048576K
Event: 12633.735 GC heap after
Heap after GC invocations=44 (full 13):
 PSYoungGen      total 277504K, used 0K [0x00000007aab00000, 0x00000007c0000000, 0x00000007c0000000)
  eden space 209408K, 0% used [0x00000007aab00000,0x00000007aab00000,0x00000007b7780000)
  from space 68096K, 0% used [0x00000007b7780000,0x00000007b7780000,0x00000007bba00000)
  to   space 65536K, 0% used [0x00000007bc000000,0x00000007bc000000,0x00000007c0000000)
 ParOldGen       total 699392K, used 77497K [0x0000000780000000, 0x00000007aab00000, 0x00000007aab00000)
  object space 699392K, 11% used [0x0000000780000000,0x0000000784bae530,0x00000007aab00000)
 Metaspace       used 73029K, capacity 73290K, committed 92288K, reserved 1122304K
  class space    used 13476K, capacity 13535K, committed 19840K, reserved 1048576K
}
Event: 14088.873 GC heap before
{Heap before GC invocations=45 (full 13):
 PSYoungGen      total 277504K, used 209378K [0x00000007aab00000, 0x00000007c0000000, 0x00000007c0000000)
  eden space 209408K, 99% used [0x00000007aab00000,0x00000007b77788a0,0x00000007b7780000)
  from space 68096K, 0% used [0x00000007b7780000,0x00000007b7780000,0x00000007bba00000)
  to   space 65536K, 0% used [0x00000007bc000000,0x00000007bc000000,0x00000007c0000000)
 ParOldGen       total 699392K, used 77497K [0x0000000780000000, 0x00000007aab00000, 0x00000007aab00000)
  object space 699392K, 11% used [0x0000000780000000,0x0000000784bae530,0x00000007aab00000)
 Metaspace       used 86930K, capacity 87366K, committed 92288K, reserved 1122304K
  class space    used 15900K, capacity 16016K, committed 19840K, reserved 1048576K
Event: 14089.096 GC heap after
Heap after GC invocations=45 (full 13):
 PSYoungGen      total 266240K, used 51544K [0x00000007aab00000, 0x00000007c0000000, 0x00000007c0000000)
  eden space 200704K, 0% used [0x00000007aab00000,0x00000007aab00000,0x00000007b6f00000)
  from space 65536K, 78% used [0x00000007bc000000,0x00000007bf2560a0,0x00000007c0000000)
  to   space 74240K, 0% used [0x00000007b6f00000,0x00000007b6f00000,0x00000007bb780000)
 ParOldGen       total 699392K, used 77505K [0x0000000780000000, 0x00000007aab00000, 0x00000007aab00000)
  object space 699392K, 11% used [0x0000000780000000,0x0000000784bb0530,0x00000007aab00000)
 Metaspace       used 86930K, capacity 87366K, committed 92288K, reserved 1122304K
  class space    used 15900K, capacity 16016K, committed 19840K, reserved 1048576K
}
Event: 14094.844 GC heap before
{Heap before GC invocations=46 (full 13):
 PSYoungGen      total 266240K, used 252248K [0x00000007aab00000, 0x00000007c0000000, 0x00000007c0000000)
  eden space 200704K, 100% used [0x00000007aab00000,0x00000007b6f00000,0x00000007b6f00000)
  from space 65536K, 78% used [0x00000007bc000000,0x00000007bf2560a0,0x00000007c0000000)
  to   space 74240K, 0% used [0x00000007b6f00000,0x00000007b6f00000,0x00000007bb780000)
 ParOldGen       total 699392K, used 77505K [0x0000000780000000, 0x00000007aab00000, 0x00000007aab00000)
  object space 699392K, 11% used [0x0000000780000000,0x0000000784bb0530,0x00000007aab00000)
 Metaspace       used 107450K, capacity 107859K, committed 109440K, reserved 1138688K
  class space    used 18583K, capacity 18707K, committed 19840K, reserved 1048576K
Event: 14094.887 GC heap after
Heap after GC invocations=46 (full 13):
 PSYoungGen      total 274944K, used 16541K [0x00000007aab00000, 0x00000007c0000000, 0x00000007c0000000)
  eden space 200704K, 0% used [0x00000007aab00000,0x00000007aab00000,0x00000007b6f00000)
  from space 74240K, 22% used [0x00000007b6f00000,0x00000007b7f27780,0x00000007bb780000)
  to   space 68608K, 0% used [0x00000007bbd00000,0x00000007bbd00000,0x00000007c0000000)
 ParOldGen       total 699392K, used 86106K [0x0000000780000000, 0x00000007aab00000, 0x00000007aab00000)
  object space 699392K, 12% used [0x0000000780000000,0x0000000785416960,0x00000007aab00000)
 Metaspace       used 107450K, capacity 107859K, committed 109440K, reserved 1138688K
  class space    used 18583K, capacity 18707K, committed 19840K, reserved 1048576K
}

